c:\users\meach\source\repos\pipkin\pipkin\x64\release\vc143.pdb
c:\users\meach\source\repos\pipkin\pipkin\x64\release\utils.obj
c:\users\meach\source\repos\pipkin\pipkin\x64\release\ubo.obj
c:\users\meach\source\repos\pipkin\pipkin\x64\release\triangle_mesh.obj
c:\users\meach\source\repos\pipkin\pipkin\x64\release\swap_chain.obj
c:\users\meach\source\repos\pipkin\pipkin\x64\release\scene.obj
c:\users\meach\source\repos\pipkin\pipkin\x64\release\pp_window.obj
c:\users\meach\source\repos\pipkin\pipkin\x64\release\model.obj
c:\users\meach\source\repos\pipkin\pipkin\x64\release\memory.obj
c:\users\meach\source\repos\pipkin\pipkin\x64\release\main.obj
c:\users\meach\source\repos\pipkin\pipkin\x64\release\logical_device.obj
c:\users\meach\source\repos\pipkin\pipkin\x64\release\keyboard_movement.obj
c:\users\meach\source\repos\pipkin\pipkin\x64\release\graphics_pipeline.obj
c:\users\meach\source\repos\pipkin\pipkin\x64\release\frame_data.obj
c:\users\meach\source\repos\pipkin\pipkin\x64\release\renderer.obj
c:\users\meach\source\repos\pipkin\pipkin\x64\release\image.obj
c:\users\meach\source\repos\pipkin\pipkin\x64\release\descriptors.obj
c:\users\meach\source\repos\pipkin\pipkin\x64\release\camera.obj
c:\users\meach\source\repos\pipkin\pipkin\x64\release\app.obj
c:\users\meach\source\repos\pipkin\pipkin\x64\release\vertex_lump.obj
c:\users\meach\source\repos\pipkin\x64\release\pipkin.exe
c:\users\meach\source\repos\pipkin\x64\release\pipkin.pdb
c:\users\meach\source\repos\pipkin\pipkin\x64\release\pipkin.iobj
c:\users\meach\source\repos\pipkin\pipkin\x64\release\pipkin.ipdb
c:\users\meach\source\repos\pipkin\pipkin\x64\release\pipkin.tlog\cl.command.1.tlog
c:\users\meach\source\repos\pipkin\pipkin\x64\release\pipkin.tlog\cl.items.tlog
c:\users\meach\source\repos\pipkin\pipkin\x64\release\pipkin.tlog\cl.read.1.tlog
c:\users\meach\source\repos\pipkin\pipkin\x64\release\pipkin.tlog\cl.write.1.tlog
c:\users\meach\source\repos\pipkin\pipkin\x64\release\pipkin.tlog\link.command.1.tlog
c:\users\meach\source\repos\pipkin\pipkin\x64\release\pipkin.tlog\link.read.1.tlog
c:\users\meach\source\repos\pipkin\pipkin\x64\release\pipkin.tlog\link.write.1.tlog
