c:\users\meach\source\repos\pipkin\pipkin\x64\debug\vc143.pdb
c:\users\meach\source\repos\pipkin\pipkin\x64\debug\vc143.idb
c:\users\meach\source\repos\pipkin\pipkin\x64\debug\pp_window.obj
c:\users\meach\source\repos\pipkin\pipkin\x64\debug\main.obj
c:\users\meach\source\repos\pipkin\pipkin\x64\debug\first_app.obj
c:\users\meach\source\repos\pipkin\pipkin\x64\debug\graphics_pipeline.obj
c:\users\meach\source\repos\pipkin\pipkin\x64\debug\logical_device.obj
c:\users\meach\source\repos\pipkin\pipkin\x64\debug\swap_chain.obj
c:\users\meach\source\repos\pipkin\x64\debug\pipkin.exe
c:\users\meach\source\repos\pipkin\pipkin\x64\debug\pipkin.ilk
c:\users\meach\source\repos\pipkin\x64\debug\pipkin.pdb
c:\users\meach\source\repos\pipkin\pipkin\x64\debug\pipkin.tlog\cl.command.1.tlog
c:\users\meach\source\repos\pipkin\pipkin\x64\debug\pipkin.tlog\cl.items.tlog
c:\users\meach\source\repos\pipkin\pipkin\x64\debug\pipkin.tlog\cl.read.1.tlog
c:\users\meach\source\repos\pipkin\pipkin\x64\debug\pipkin.tlog\cl.write.1.tlog
c:\users\meach\source\repos\pipkin\pipkin\x64\debug\pipkin.tlog\link-cvtres.read.1.tlog
c:\users\meach\source\repos\pipkin\pipkin\x64\debug\pipkin.tlog\link-cvtres.write.1.tlog
c:\users\meach\source\repos\pipkin\pipkin\x64\debug\pipkin.tlog\link-rc.read.1.tlog
c:\users\meach\source\repos\pipkin\pipkin\x64\debug\pipkin.tlog\link-rc.write.1.tlog
c:\users\meach\source\repos\pipkin\pipkin\x64\debug\pipkin.tlog\link.9152-cvtres.read.1.tlog
c:\users\meach\source\repos\pipkin\pipkin\x64\debug\pipkin.tlog\link.9152-cvtres.write.1.tlog
c:\users\meach\source\repos\pipkin\pipkin\x64\debug\pipkin.tlog\link.9152-rc.read.1.tlog
c:\users\meach\source\repos\pipkin\pipkin\x64\debug\pipkin.tlog\link.9152-rc.write.1.tlog
c:\users\meach\source\repos\pipkin\pipkin\x64\debug\pipkin.tlog\link.9152.read.1.tlog
c:\users\meach\source\repos\pipkin\pipkin\x64\debug\pipkin.tlog\link.9152.read.2.tlog
c:\users\meach\source\repos\pipkin\pipkin\x64\debug\pipkin.tlog\link.9152.write.1.tlog
c:\users\meach\source\repos\pipkin\pipkin\x64\debug\pipkin.tlog\link.command.1.tlog
c:\users\meach\source\repos\pipkin\pipkin\x64\debug\pipkin.tlog\link.read.1.tlog
c:\users\meach\source\repos\pipkin\pipkin\x64\debug\pipkin.tlog\link.read.2.tlog
c:\users\meach\source\repos\pipkin\pipkin\x64\debug\pipkin.tlog\link.write.1.tlog
